<?xml version="1.0" encoding="UTF-8"?>
<testsuite xmlns:xsi="http://www.w3.org/2001/XMLSchema-instance" xsi:noNamespaceSchemaLocation="https://maven.apache.org/surefire/maven-surefire-plugin/xsd/surefire-test-report-3.0.xsd" version="3.0" name="TestSuite" time="26.868" tests="2" errors="0" skipped="0" failures="0">
  <properties>
    <property name="gopherProxySet" value="false"/>
    <property name="awt.toolkit" value="sun.lwawt.macosx.LWCToolkit"/>
    <property name="file.encoding.pkg" value="sun.io"/>
    <property name="java.specification.version" value="1.8"/>
    <property name="webdriver.chrome.driver" value="/Users/namita/.m2/repository/webdriver/chromedriver/mac64/81.0.4044.69/chromedriver"/>
    <property name="sun.cpu.isalist" value=""/>
    <property name="sun.jnu.encoding" value="UTF-8"/>
    <property name="java.class.path" value="/Users/namita/eclipse-workspace/nopcommerceV5/target/test-classes:/Users/namita/eclipse-workspace/nopcommerceV5/target/classes:/Users/namita/.m2/repository/org/seleniumhq/selenium/selenium-java/4.0.0-alpha-5/selenium-java-4.0.0-alpha-5.jar:/Users/namita/.m2/repository/org/seleniumhq/selenium/selenium-api/4.0.0-alpha-5/selenium-api-4.0.0-alpha-5.jar:/Users/namita/.m2/repository/org/seleniumhq/selenium/selenium-chrome-driver/4.0.0-alpha-5/selenium-chrome-driver-4.0.0-alpha-5.jar:/Users/namita/.m2/repository/com/google/auto/service/auto-service-annotations/1.0-rc6/auto-service-annotations-1.0-rc6.jar:/Users/namita/.m2/repository/com/google/auto/service/auto-service/1.0-rc6/auto-service-1.0-rc6.jar:/Users/namita/.m2/repository/com/google/auto/auto-common/0.10/auto-common-0.10.jar:/Users/namita/.m2/repository/com/google/guava/guava/28.2-jre/guava-28.2-jre.jar:/Users/namita/.m2/repository/com/google/guava/failureaccess/1.0.1/failureaccess-1.0.1.jar:/Users/namita/.m2/repository/com/google/guava/listenablefuture/9999.0-empty-to-avoid-conflict-with-guava/listenablefuture-9999.0-empty-to-avoid-conflict-with-guava.jar:/Users/namita/.m2/repository/com/google/code/findbugs/jsr305/3.0.2/jsr305-3.0.2.jar:/Users/namita/.m2/repository/org/checkerframework/checker-qual/2.10.0/checker-qual-2.10.0.jar:/Users/namita/.m2/repository/com/google/errorprone/error_prone_annotations/2.3.4/error_prone_annotations-2.3.4.jar:/Users/namita/.m2/repository/com/google/j2objc/j2objc-annotations/1.3/j2objc-annotations-1.3.jar:/Users/namita/.m2/repository/org/seleniumhq/selenium/selenium-chromium-driver/4.0.0-alpha-5/selenium-chromium-driver-4.0.0-alpha-5.jar:/Users/namita/.m2/repository/org/seleniumhq/selenium/selenium-devtools/4.0.0-alpha-5/selenium-devtools-4.0.0-alpha-5.jar:/Users/namita/.m2/repository/org/seleniumhq/selenium/selenium-http/4.0.0-alpha-5/selenium-http-4.0.0-alpha-5.jar:/Users/namita/.m2/repository/org/seleniumhq/selenium/selenium-json/4.0.0-alpha-5/selenium-json-4.0.0-alpha-5.jar:/Users/namita/.m2/repository/org/seleniumhq/selenium/selenium-edge-driver/4.0.0-alpha-5/selenium-edge-driver-4.0.0-alpha-5.jar:/Users/namita/.m2/repository/org/seleniumhq/selenium/selenium-edgehtml-driver/4.0.0-alpha-5/selenium-edgehtml-driver-4.0.0-alpha-5.jar:/Users/namita/.m2/repository/org/seleniumhq/selenium/selenium-firefox-driver/4.0.0-alpha-5/selenium-firefox-driver-4.0.0-alpha-5.jar:/Users/namita/.m2/repository/org/seleniumhq/selenium/selenium-firefox-xpi-driver/4.0.0-alpha-5/selenium-firefox-xpi-driver-4.0.0-alpha-5.jar:/Users/namita/.m2/repository/org/seleniumhq/selenium/selenium-ie-driver/4.0.0-alpha-5/selenium-ie-driver-4.0.0-alpha-5.jar:/Users/namita/.m2/repository/org/seleniumhq/selenium/selenium-opera-driver/4.0.0-alpha-5/selenium-opera-driver-4.0.0-alpha-5.jar:/Users/namita/.m2/repository/org/seleniumhq/selenium/selenium-remote-driver/4.0.0-alpha-5/selenium-remote-driver-4.0.0-alpha-5.jar:/Users/namita/.m2/repository/com/squareup/okhttp3/okhttp/4.4.1/okhttp-4.4.1.jar:/Users/namita/.m2/repository/org/jetbrains/kotlin/kotlin-stdlib/1.3.61/kotlin-stdlib-1.3.61.jar:/Users/namita/.m2/repository/org/jetbrains/annotations/13.0/annotations-13.0.jar:/Users/namita/.m2/repository/com/squareup/okio/okio/2.4.3/okio-2.4.3.jar:/Users/namita/.m2/repository/org/jetbrains/kotlin/kotlin-stdlib-common/1.3.61/kotlin-stdlib-common-1.3.61.jar:/Users/namita/.m2/repository/com/typesafe/netty/netty-reactive-streams/2.0.4/netty-reactive-streams-2.0.4.jar:/Users/namita/.m2/repository/io/netty/netty-handler/4.1.43.Final/netty-handler-4.1.43.Final.jar:/Users/namita/.m2/repository/org/reactivestreams/reactive-streams/1.0.3/reactive-streams-1.0.3.jar:/Users/namita/.m2/repository/io/netty/netty-buffer/4.1.47.Final/netty-buffer-4.1.47.Final.jar:/Users/namita/.m2/repository/io/netty/netty-common/4.1.47.Final/netty-common-4.1.47.Final.jar:/Users/namita/.m2/repository/io/netty/netty-codec-http/4.1.47.Final/netty-codec-http-4.1.47.Final.jar:/Users/namita/.m2/repository/io/netty/netty-codec/4.1.47.Final/netty-codec-4.1.47.Final.jar:/Users/namita/.m2/repository/io/netty/netty-transport-native-epoll/4.1.47.Final/netty-transport-native-epoll-4.1.47.Final.jar:/Users/namita/.m2/repository/io/netty/netty-transport-native-epoll/4.1.47.Final/netty-transport-native-epoll-4.1.47.Final-linux-x86_64.jar:/Users/namita/.m2/repository/io/netty/netty-transport-native-kqueue/4.1.47.Final/netty-transport-native-kqueue-4.1.47.Final.jar:/Users/namita/.m2/repository/io/netty/netty-transport-native-kqueue/4.1.47.Final/netty-transport-native-kqueue-4.1.47.Final-osx-x86_64.jar:/Users/namita/.m2/repository/io/netty/netty-transport-native-unix-common/4.1.47.Final/netty-transport-native-unix-common-4.1.47.Final.jar:/Users/namita/.m2/repository/io/netty/netty-transport/4.1.47.Final/netty-transport-4.1.47.Final.jar:/Users/namita/.m2/repository/io/netty/netty-resolver/4.1.47.Final/netty-resolver-4.1.47.Final.jar:/Users/namita/.m2/repository/io/opentelemetry/opentelemetry-api/0.2.0/opentelemetry-api-0.2.0.jar:/Users/namita/.m2/repository/io/grpc/grpc-context/1.24.0/grpc-context-1.24.0.jar:/Users/namita/.m2/repository/net/bytebuddy/byte-buddy/1.10.8/byte-buddy-1.10.8.jar:/Users/namita/.m2/repository/org/apache/commons/commons-exec/1.3/commons-exec-1.3.jar:/Users/namita/.m2/repository/org/asynchttpclient/async-http-client/2.11.0/async-http-client-2.11.0.jar:/Users/namita/.m2/repository/org/asynchttpclient/async-http-client-netty-utils/2.11.0/async-http-client-netty-utils-2.11.0.jar:/Users/namita/.m2/repository/io/netty/netty-codec-socks/4.1.46.Final/netty-codec-socks-4.1.46.Final.jar:/Users/namita/.m2/repository/io/netty/netty-handler-proxy/4.1.46.Final/netty-handler-proxy-4.1.46.Final.jar:/Users/namita/.m2/repository/com/sun/activation/javax.activation/1.2.0/javax.activation-1.2.0.jar:/Users/namita/.m2/repository/org/seleniumhq/selenium/selenium-safari-driver/4.0.0-alpha-5/selenium-safari-driver-4.0.0-alpha-5.jar:/Users/namita/.m2/repository/org/seleniumhq/selenium/selenium-support/4.0.0-alpha-5/selenium-support-4.0.0-alpha-5.jar:/Users/namita/.m2/repository/io/github/bonigarcia/webdrivermanager/3.8.1/webdrivermanager-3.8.1.jar:/Users/namita/.m2/repository/org/slf4j/slf4j-api/1.7.25/slf4j-api-1.7.25.jar:/Users/namita/.m2/repository/com/google/code/gson/gson/2.8.5/gson-2.8.5.jar:/Users/namita/.m2/repository/org/apache/httpcomponents/httpclient/4.5.6/httpclient-4.5.6.jar:/Users/namita/.m2/repository/org/apache/httpcomponents/httpcore/4.4.10/httpcore-4.4.10.jar:/Users/namita/.m2/repository/commons-logging/commons-logging/1.2/commons-logging-1.2.jar:/Users/namita/.m2/repository/org/rauschig/jarchivelib/1.0.0/jarchivelib-1.0.0.jar:/Users/namita/.m2/repository/org/jsoup/jsoup/1.11.3/jsoup-1.11.3.jar:/Users/namita/.m2/repository/org/testng/testng/6.14.3/testng-6.14.3.jar:/Users/namita/.m2/repository/com/beust/jcommander/1.72/jcommander-1.72.jar:/Users/namita/.m2/repository/org/apache-extras/beanshell/bsh/2.0b6/bsh-2.0b6.jar:/Users/namita/.m2/repository/org/apache/poi/poi/4.1.2/poi-4.1.2.jar:/Users/namita/.m2/repository/commons-codec/commons-codec/1.13/commons-codec-1.13.jar:/Users/namita/.m2/repository/org/apache/commons/commons-collections4/4.4/commons-collections4-4.4.jar:/Users/namita/.m2/repository/org/apache/commons/commons-math3/3.6.1/commons-math3-3.6.1.jar:/Users/namita/.m2/repository/com/zaxxer/SparseBitSet/1.2/SparseBitSet-1.2.jar:/Users/namita/.m2/repository/org/apache/poi/poi-ooxml/4.1.2/poi-ooxml-4.1.2.jar:/Users/namita/.m2/repository/org/apache/poi/poi-ooxml-schemas/4.1.2/poi-ooxml-schemas-4.1.2.jar:/Users/namita/.m2/repository/org/apache/xmlbeans/xmlbeans/3.1.0/xmlbeans-3.1.0.jar:/Users/namita/.m2/repository/org/apache/commons/commons-compress/1.19/commons-compress-1.19.jar:/Users/namita/.m2/repository/com/github/virtuald/curvesapi/1.06/curvesapi-1.06.jar:/Users/namita/.m2/repository/org/apache/logging/log4j/log4j-core/2.13.1/log4j-core-2.13.1.jar:/Users/namita/.m2/repository/org/apache/logging/log4j/log4j-api/2.13.1/log4j-api-2.13.1.jar:/Users/namita/.m2/repository/com/aventstack/extentreports/4.0.9/extentreports-4.0.9.jar:/Users/namita/.m2/repository/org/freemarker/freemarker/2.3.23/freemarker-2.3.23.jar:/Users/namita/.m2/repository/org/mongodb/mongodb-driver/3.3.0/mongodb-driver-3.3.0.jar:/Users/namita/.m2/repository/org/mongodb/mongodb-driver-core/3.3.0/mongodb-driver-core-3.3.0.jar:/Users/namita/.m2/repository/org/mongodb/bson/3.3.0/bson-3.3.0.jar:/Users/namita/.m2/repository/org/apache/httpcomponents/httpmime/4.5.2/httpmime-4.5.2.jar:/Users/namita/.m2/repository/commons-io/commons-io/2.6/commons-io-2.6.jar:/Users/namita/.m2/repository/org/apache/commons/commons-lang3/3.10/commons-lang3-3.10.jar:"/>
    <property name="java.vm.vendor" value="Oracle Corporation"/>
    <property name="sun.arch.data.model" value="64"/>
    <property name="java.vendor.url" value="http://java.oracle.com/"/>
    <property name="user.timezone" value="America/Chicago"/>
    <property name="java.vm.specification.version" value="1.8"/>
    <property name="os.name" value="Mac OS X"/>
    <property name="user.country" value="US"/>
    <property name="sun.java.launcher" value="SUN_STANDARD"/>
    <property name="sun.boot.library.path" value="/Library/Java/JavaVirtualMachines/jdk1.8.0_251.jdk/Contents/Home/jre/lib"/>
    <property name="sun.java.command" value="/Users/namita/eclipse-workspace/nopcommerceV5/target/surefire/surefirebooter6435636643546984155.jar /Users/namita/eclipse-workspace/nopcommerceV5/target/surefire 2020-04-21T21-19-50_533-jvmRun1 surefire8230301750712411817tmp surefire_0211091398931157603tmp"/>
    <property name="surefire.test.class.path" value="/Users/namita/eclipse-workspace/nopcommerceV5/target/test-classes:/Users/namita/eclipse-workspace/nopcommerceV5/target/classes:/Users/namita/.m2/repository/org/seleniumhq/selenium/selenium-java/4.0.0-alpha-5/selenium-java-4.0.0-alpha-5.jar:/Users/namita/.m2/repository/org/seleniumhq/selenium/selenium-api/4.0.0-alpha-5/selenium-api-4.0.0-alpha-5.jar:/Users/namita/.m2/repository/org/seleniumhq/selenium/selenium-chrome-driver/4.0.0-alpha-5/selenium-chrome-driver-4.0.0-alpha-5.jar:/Users/namita/.m2/repository/com/google/auto/service/auto-service-annotations/1.0-rc6/auto-service-annotations-1.0-rc6.jar:/Users/namita/.m2/repository/com/google/auto/service/auto-service/1.0-rc6/auto-service-1.0-rc6.jar:/Users/namita/.m2/repository/com/google/auto/auto-common/0.10/auto-common-0.10.jar:/Users/namita/.m2/repository/com/google/guava/guava/28.2-jre/guava-28.2-jre.jar:/Users/namita/.m2/repository/com/google/guava/failureaccess/1.0.1/failureaccess-1.0.1.jar:/Users/namita/.m2/repository/com/google/guava/listenablefuture/9999.0-empty-to-avoid-conflict-with-guava/listenablefuture-9999.0-empty-to-avoid-conflict-with-guava.jar:/Users/namita/.m2/repository/com/google/code/findbugs/jsr305/3.0.2/jsr305-3.0.2.jar:/Users/namita/.m2/repository/org/checkerframework/checker-qual/2.10.0/checker-qual-2.10.0.jar:/Users/namita/.m2/repository/com/google/errorprone/error_prone_annotations/2.3.4/error_prone_annotations-2.3.4.jar:/Users/namita/.m2/repository/com/google/j2objc/j2objc-annotations/1.3/j2objc-annotations-1.3.jar:/Users/namita/.m2/repository/org/seleniumhq/selenium/selenium-chromium-driver/4.0.0-alpha-5/selenium-chromium-driver-4.0.0-alpha-5.jar:/Users/namita/.m2/repository/org/seleniumhq/selenium/selenium-devtools/4.0.0-alpha-5/selenium-devtools-4.0.0-alpha-5.jar:/Users/namita/.m2/repository/org/seleniumhq/selenium/selenium-http/4.0.0-alpha-5/selenium-http-4.0.0-alpha-5.jar:/Users/namita/.m2/repository/org/seleniumhq/selenium/selenium-json/4.0.0-alpha-5/selenium-json-4.0.0-alpha-5.jar:/Users/namita/.m2/repository/org/seleniumhq/selenium/selenium-edge-driver/4.0.0-alpha-5/selenium-edge-driver-4.0.0-alpha-5.jar:/Users/namita/.m2/repository/org/seleniumhq/selenium/selenium-edgehtml-driver/4.0.0-alpha-5/selenium-edgehtml-driver-4.0.0-alpha-5.jar:/Users/namita/.m2/repository/org/seleniumhq/selenium/selenium-firefox-driver/4.0.0-alpha-5/selenium-firefox-driver-4.0.0-alpha-5.jar:/Users/namita/.m2/repository/org/seleniumhq/selenium/selenium-firefox-xpi-driver/4.0.0-alpha-5/selenium-firefox-xpi-driver-4.0.0-alpha-5.jar:/Users/namita/.m2/repository/org/seleniumhq/selenium/selenium-ie-driver/4.0.0-alpha-5/selenium-ie-driver-4.0.0-alpha-5.jar:/Users/namita/.m2/repository/org/seleniumhq/selenium/selenium-opera-driver/4.0.0-alpha-5/selenium-opera-driver-4.0.0-alpha-5.jar:/Users/namita/.m2/repository/org/seleniumhq/selenium/selenium-remote-driver/4.0.0-alpha-5/selenium-remote-driver-4.0.0-alpha-5.jar:/Users/namita/.m2/repository/com/squareup/okhttp3/okhttp/4.4.1/okhttp-4.4.1.jar:/Users/namita/.m2/repository/org/jetbrains/kotlin/kotlin-stdlib/1.3.61/kotlin-stdlib-1.3.61.jar:/Users/namita/.m2/repository/org/jetbrains/annotations/13.0/annotations-13.0.jar:/Users/namita/.m2/repository/com/squareup/okio/okio/2.4.3/okio-2.4.3.jar:/Users/namita/.m2/repository/org/jetbrains/kotlin/kotlin-stdlib-common/1.3.61/kotlin-stdlib-common-1.3.61.jar:/Users/namita/.m2/repository/com/typesafe/netty/netty-reactive-streams/2.0.4/netty-reactive-streams-2.0.4.jar:/Users/namita/.m2/repository/io/netty/netty-handler/4.1.43.Final/netty-handler-4.1.43.Final.jar:/Users/namita/.m2/repository/org/reactivestreams/reactive-streams/1.0.3/reactive-streams-1.0.3.jar:/Users/namita/.m2/repository/io/netty/netty-buffer/4.1.47.Final/netty-buffer-4.1.47.Final.jar:/Users/namita/.m2/repository/io/netty/netty-common/4.1.47.Final/netty-common-4.1.47.Final.jar:/Users/namita/.m2/repository/io/netty/netty-codec-http/4.1.47.Final/netty-codec-http-4.1.47.Final.jar:/Users/namita/.m2/repository/io/netty/netty-codec/4.1.47.Final/netty-codec-4.1.47.Final.jar:/Users/namita/.m2/repository/io/netty/netty-transport-native-epoll/4.1.47.Final/netty-transport-native-epoll-4.1.47.Final.jar:/Users/namita/.m2/repository/io/netty/netty-transport-native-epoll/4.1.47.Final/netty-transport-native-epoll-4.1.47.Final-linux-x86_64.jar:/Users/namita/.m2/repository/io/netty/netty-transport-native-kqueue/4.1.47.Final/netty-transport-native-kqueue-4.1.47.Final.jar:/Users/namita/.m2/repository/io/netty/netty-transport-native-kqueue/4.1.47.Final/netty-transport-native-kqueue-4.1.47.Final-osx-x86_64.jar:/Users/namita/.m2/repository/io/netty/netty-transport-native-unix-common/4.1.47.Final/netty-transport-native-unix-common-4.1.47.Final.jar:/Users/namita/.m2/repository/io/netty/netty-transport/4.1.47.Final/netty-transport-4.1.47.Final.jar:/Users/namita/.m2/repository/io/netty/netty-resolver/4.1.47.Final/netty-resolver-4.1.47.Final.jar:/Users/namita/.m2/repository/io/opentelemetry/opentelemetry-api/0.2.0/opentelemetry-api-0.2.0.jar:/Users/namita/.m2/repository/io/grpc/grpc-context/1.24.0/grpc-context-1.24.0.jar:/Users/namita/.m2/repository/net/bytebuddy/byte-buddy/1.10.8/byte-buddy-1.10.8.jar:/Users/namita/.m2/repository/org/apache/commons/commons-exec/1.3/commons-exec-1.3.jar:/Users/namita/.m2/repository/org/asynchttpclient/async-http-client/2.11.0/async-http-client-2.11.0.jar:/Users/namita/.m2/repository/org/asynchttpclient/async-http-client-netty-utils/2.11.0/async-http-client-netty-utils-2.11.0.jar:/Users/namita/.m2/repository/io/netty/netty-codec-socks/4.1.46.Final/netty-codec-socks-4.1.46.Final.jar:/Users/namita/.m2/repository/io/netty/netty-handler-proxy/4.1.46.Final/netty-handler-proxy-4.1.46.Final.jar:/Users/namita/.m2/repository/com/sun/activation/javax.activation/1.2.0/javax.activation-1.2.0.jar:/Users/namita/.m2/repository/org/seleniumhq/selenium/selenium-safari-driver/4.0.0-alpha-5/selenium-safari-driver-4.0.0-alpha-5.jar:/Users/namita/.m2/repository/org/seleniumhq/selenium/selenium-support/4.0.0-alpha-5/selenium-support-4.0.0-alpha-5.jar:/Users/namita/.m2/repository/io/github/bonigarcia/webdrivermanager/3.8.1/webdrivermanager-3.8.1.jar:/Users/namita/.m2/repository/org/slf4j/slf4j-api/1.7.25/slf4j-api-1.7.25.jar:/Users/namita/.m2/repository/com/google/code/gson/gson/2.8.5/gson-2.8.5.jar:/Users/namita/.m2/repository/org/apache/httpcomponents/httpclient/4.5.6/httpclient-4.5.6.jar:/Users/namita/.m2/repository/org/apache/httpcomponents/httpcore/4.4.10/httpcore-4.4.10.jar:/Users/namita/.m2/repository/commons-logging/commons-logging/1.2/commons-logging-1.2.jar:/Users/namita/.m2/repository/org/rauschig/jarchivelib/1.0.0/jarchivelib-1.0.0.jar:/Users/namita/.m2/repository/org/jsoup/jsoup/1.11.3/jsoup-1.11.3.jar:/Users/namita/.m2/repository/org/testng/testng/6.14.3/testng-6.14.3.jar:/Users/namita/.m2/repository/com/beust/jcommander/1.72/jcommander-1.72.jar:/Users/namita/.m2/repository/org/apache-extras/beanshell/bsh/2.0b6/bsh-2.0b6.jar:/Users/namita/.m2/repository/org/apache/poi/poi/4.1.2/poi-4.1.2.jar:/Users/namita/.m2/repository/commons-codec/commons-codec/1.13/commons-codec-1.13.jar:/Users/namita/.m2/repository/org/apache/commons/commons-collections4/4.4/commons-collections4-4.4.jar:/Users/namita/.m2/repository/org/apache/commons/commons-math3/3.6.1/commons-math3-3.6.1.jar:/Users/namita/.m2/repository/com/zaxxer/SparseBitSet/1.2/SparseBitSet-1.2.jar:/Users/namita/.m2/repository/org/apache/poi/poi-ooxml/4.1.2/poi-ooxml-4.1.2.jar:/Users/namita/.m2/repository/org/apache/poi/poi-ooxml-schemas/4.1.2/poi-ooxml-schemas-4.1.2.jar:/Users/namita/.m2/repository/org/apache/xmlbeans/xmlbeans/3.1.0/xmlbeans-3.1.0.jar:/Users/namita/.m2/repository/org/apache/commons/commons-compress/1.19/commons-compress-1.19.jar:/Users/namita/.m2/repository/com/github/virtuald/curvesapi/1.06/curvesapi-1.06.jar:/Users/namita/.m2/repository/org/apache/logging/log4j/log4j-core/2.13.1/log4j-core-2.13.1.jar:/Users/namita/.m2/repository/org/apache/logging/log4j/log4j-api/2.13.1/log4j-api-2.13.1.jar:/Users/namita/.m2/repository/com/aventstack/extentreports/4.0.9/extentreports-4.0.9.jar:/Users/namita/.m2/repository/org/freemarker/freemarker/2.3.23/freemarker-2.3.23.jar:/Users/namita/.m2/repository/org/mongodb/mongodb-driver/3.3.0/mongodb-driver-3.3.0.jar:/Users/namita/.m2/repository/org/mongodb/mongodb-driver-core/3.3.0/mongodb-driver-core-3.3.0.jar:/Users/namita/.m2/repository/org/mongodb/bson/3.3.0/bson-3.3.0.jar:/Users/namita/.m2/repository/org/apache/httpcomponents/httpmime/4.5.2/httpmime-4.5.2.jar:/Users/namita/.m2/repository/commons-io/commons-io/2.6/commons-io-2.6.jar:/Users/namita/.m2/repository/org/apache/commons/commons-lang3/3.10/commons-lang3-3.10.jar:"/>
    <property name="sun.cpu.endian" value="little"/>
    <property name="user.home" value="/Users/namita"/>
    <property name="user.language" value="en"/>
    <property name="java.specification.vendor" value="Oracle Corporation"/>
    <property name="java.home" value="/Library/Java/JavaVirtualMachines/jdk1.8.0_251.jdk/Contents/Home/jre"/>
    <property name="basedir" value="/Users/namita/eclipse-workspace/nopcommerceV5"/>
    <property name="file.separator" value="/"/>
    <property name="line.separator" value="&#10;"/>
    <property name="java.vm.specification.vendor" value="Oracle Corporation"/>
    <property name="java.specification.name" value="Java Platform API Specification"/>
    <property name="java.awt.graphicsenv" value="sun.awt.CGraphicsEnvironment"/>
    <property name="surefire.real.class.path" value="/Users/namita/eclipse-workspace/nopcommerceV5/target/surefire/surefirebooter6435636643546984155.jar"/>
    <property name="sun.boot.class.path" value="/Library/Java/JavaVirtualMachines/jdk1.8.0_251.jdk/Contents/Home/jre/lib/resources.jar:/Library/Java/JavaVirtualMachines/jdk1.8.0_251.jdk/Contents/Home/jre/lib/rt.jar:/Library/Java/JavaVirtualMachines/jdk1.8.0_251.jdk/Contents/Home/jre/lib/sunrsasign.jar:/Library/Java/JavaVirtualMachines/jdk1.8.0_251.jdk/Contents/Home/jre/lib/jsse.jar:/Library/Java/JavaVirtualMachines/jdk1.8.0_251.jdk/Contents/Home/jre/lib/jce.jar:/Library/Java/JavaVirtualMachines/jdk1.8.0_251.jdk/Contents/Home/jre/lib/charsets.jar:/Library/Java/JavaVirtualMachines/jdk1.8.0_251.jdk/Contents/Home/jre/lib/jfr.jar:/Library/Java/JavaVirtualMachines/jdk1.8.0_251.jdk/Contents/Home/jre/classes"/>
    <property name="sun.management.compiler" value="HotSpot 64-Bit Tiered Compilers"/>
    <property name="java.runtime.version" value="1.8.0_251-b08"/>
    <property name="user.name" value="namita"/>
    <property name="path.separator" value=":"/>
    <property name="os.version" value="10.14.6"/>
    <property name="java.endorsed.dirs" value="/Library/Java/JavaVirtualMachines/jdk1.8.0_251.jdk/Contents/Home/jre/lib/endorsed"/>
    <property name="java.runtime.name" value="Java(TM) SE Runtime Environment"/>
    <property name="file.encoding" value="UTF-8"/>
    <property name="sun.nio.ch.bugLevel" value=""/>
    <property name="java.vm.name" value="Java HotSpot(TM) 64-Bit Server VM"/>
    <property name="localRepository" value="/Users/namita/.m2/repository"/>
    <property name="java.vendor.url.bug" value="http://bugreport.sun.com/bugreport/"/>
    <property name="java.io.tmpdir" value="/var/folders/pq/ld6jgw9s7bxfxpp8gn3byzvm0000gq/T/"/>
    <property name="java.version" value="1.8.0_251"/>
    <property name="user.dir" value="/Users/namita/eclipse-workspace/nopcommerceV5"/>
    <property name="os.arch" value="x86_64"/>
    <property name="java.vm.specification.name" value="Java Virtual Machine Specification"/>
    <property name="java.awt.printerjob" value="sun.lwawt.macosx.CPrinterJob"/>
    <property name="sun.os.patch.level" value="unknown"/>
    <property name="java.library.path" value="/Users/namita/Library/Java/Extensions:/Library/Java/Extensions:/Network/Library/Java/Extensions:/System/Library/Java/Extensions:/usr/lib/java:."/>
    <property name="java.vm.info" value="mixed mode"/>
    <property name="java.vendor" value="Oracle Corporation"/>
    <property name="java.vm.version" value="25.251-b08"/>
    <property name="java.ext.dirs" value="/Users/namita/Library/Java/Extensions:/Library/Java/JavaVirtualMachines/jdk1.8.0_251.jdk/Contents/Home/jre/lib/ext:/Library/Java/Extensions:/Network/Library/Java/Extensions:/System/Library/Java/Extensions:/usr/lib/java"/>
    <property name="sun.io.unicode.encoding" value="UnicodeBig"/>
    <property name="java.class.version" value="52.0"/>
  </properties>
  <testcase name="loginTest" classname="com.nopcommerce.testCases.TC_LoginTest_001" time="8.731"/>
  <testcase name="searchCustomerbyEmail" classname="com.nopcommerce.testCases.TC_SearchCustomerByName_005" time="14.554"/>
</testsuite>