<?xml version="1.0" encoding="UTF-8"?>
<!-- Generated by org.testng.reporters.JUnitReportReporter -->
<testsuite skipped="0" hostname="vishals-imac.lan" name="com.nopcommerce.testCases.TC_ExportCustomers" tests="1" failures="0" timestamp="23 Apr 2020 23:39:16 GMT" time="38.971" errors="0">
  <testcase name="exportCustomerTest" time="38.971" classname="com.nopcommerce.testCases.TC_ExportCustomers"/>
</testsuite> <!-- com.nopcommerce.testCases.TC_ExportCustomers -->
