<?xml version="1.0" encoding="UTF-8"?>
<!-- Generated by org.testng.reporters.JUnitReportReporter -->
<testsuite hostname="vishals-imac.lan" failures="0" tests="1" name="com.nopcommerce.testCases.TC_SearchVendorsByName_006" time="14.949" errors="0" timestamp="20 Apr 2020 22:25:02 GMT" skipped="0">
  <testcase classname="com.nopcommerce.testCases.TC_SearchVendorsByName_006" name="searchVendorsByName" time="14.949"/>
</testsuite> <!-- com.nopcommerce.testCases.TC_SearchVendorsByName_006 -->
