<?xml version="1.0" encoding="UTF-8"?>
<!-- Generated by org.testng.reporters.JUnitReportReporter -->
<testsuite skipped="0" hostname="vishals-imac.lan" name="com.nopcommerce.testCases.TC_ExportCustomers_007" tests="1" failures="0" timestamp="25 Apr 2020 05:07:31 GMT" time="40.631" errors="0">
  <testcase name="exportCustomerTest" time="40.631" classname="com.nopcommerce.testCases.TC_ExportCustomers_007"/>
</testsuite> <!-- com.nopcommerce.testCases.TC_ExportCustomers_007 -->
