<?xml version="1.0" encoding="UTF-8"?>
<!-- Generated by org.testng.reporters.JUnitReportReporter -->
<testsuite hostname="vishals-imac.lan" failures="0" tests="1" name="com.nopcommerce.testCases.TC_LoginTest_001" time="5.486" errors="0" timestamp="20 Apr 2020 04:13:02 GMT" skipped="0">
  <testcase classname="com.nopcommerce.testCases.TC_LoginTest_001" name="loginTest" time="5.486"/>
</testsuite> <!-- com.nopcommerce.testCases.TC_LoginTest_001 -->
