<?xml version="1.0" encoding="UTF-8"?>
<!-- Generated by org.testng.reporters.JUnitReportReporter -->
<testsuite hostname="vishals-imac.lan" failures="0" tests="1" name="com.nopcommerce.testCases.TC_SearchCustomerByName_005" time="12.033" errors="0" timestamp="20 Apr 2020 01:18:58 GMT" skipped="0">
  <testcase classname="com.nopcommerce.testCases.TC_SearchCustomerByName_005" name="searchCustomerbyEmail" time="12.033"/>
</testsuite> <!-- com.nopcommerce.testCases.TC_SearchCustomerByName_005 -->
