<?xml version="1.0" encoding="UTF-8"?>
<!-- Generated by org.testng.reporters.JUnitReportReporter -->
<testsuite hostname="vishals-imac.lan" failures="0" tests="4" name="com.nopcommerce.testCases.TC_LoginDDT_002" time="36.904" errors="0" timestamp="16 Apr 2020 22:41:22 GMT" skipped="0">
  <testcase classname="com.nopcommerce.testCases.TC_LoginDDT_002" name="loginTest" time="17.589"/>
  <testcase classname="com.nopcommerce.testCases.TC_LoginDDT_002" name="loginTest" time="6.695"/>
  <testcase classname="com.nopcommerce.testCases.TC_LoginDDT_002" name="loginTest" time="6.077"/>
  <testcase classname="com.nopcommerce.testCases.TC_LoginDDT_002" name="loginTest" time="6.543"/>
</testsuite> <!-- com.nopcommerce.testCases.TC_LoginDDT_002 -->
