<?xml version="1.0" encoding="UTF-8"?>
<!-- Generated by org.testng.reporters.JUnitReportReporter -->
<testsuite hostname="vishals-imac.lan" failures="0" tests="2" name="com.nopcommerce.testCases.TC_AddCustomerTest_003" time="41.421" errors="0" timestamp="21 Apr 2020 17:40:14 GMT" skipped="0">
  <testcase classname="com.nopcommerce.testCases.TC_AddCustomerTest_003" name="addNewCustomer" time="34.280"/>
  <testcase classname="com.nopcommerce.testCases.TC_AddCustomerTest_003" name="deleteCustomer" time="7.141"/>
</testsuite> <!-- com.nopcommerce.testCases.TC_AddCustomerTest_003 -->
