<?xml version="1.0" encoding="UTF-8"?>
<!-- Generated by org.testng.reporters.JUnitReportReporter -->
<testsuite skipped="0" hostname="vishals-imac.lan" name="com.nopcommerce.testCases.TC_LoginTest_001" tests="1" failures="0" timestamp="22 Apr 2020 02:20:17 GMT" time="8.724" errors="0">
  <testcase name="loginTest" time="8.724" classname="com.nopcommerce.testCases.TC_LoginTest_001"/>
</testsuite> <!-- com.nopcommerce.testCases.TC_LoginTest_001 -->
